\BOOKMARK [0][-]{chapter*.1}{Muc luc}{}% 1
\BOOKMARK [0][-]{chapter*.2}{Danh s\341ch bang}{}% 2
\BOOKMARK [0][-]{chapter*.3}{Danh s\341ch h\354nh}{}% 3
\BOOKMARK [0][-]{chapter*.4}{Li m u}{}% 4
\BOOKMARK [0][-]{chapter.1}{Tng quan v quan tri rui ro t\355n dung i vi kh\341ch h\340ng c\341 nh\342n}{}% 5
\BOOKMARK [1][-]{section.1.1}{Tng quan v rui ro t\355n dung v\340 vn \040quan tri rui ro trong ng\342n h\340ng}{chapter.1}% 6
\BOOKMARK [2][-]{subsection.1.1.1}{Rui ro v\340 c\341c kh\341i nim li\352n quan trong ng\342n h\340ng}{section.1.1}% 7
\BOOKMARK [3][-]{subsubsection.1.1.1.1}{T\355n dung}{subsection.1.1.1}% 8
\BOOKMARK [3][-]{subsubsection.1.1.1.2}{Rui ro t\355n dung trong ng\342n h\340ng}{subsection.1.1.1}% 9
\BOOKMARK [2][-]{subsection.1.1.2}{Quan tri rui ro trong ng\342n h\340ng}{section.1.1}% 10
\BOOKMARK [3][-]{subsubsection.1.1.2.1}{Hoat ng quan tri rui ro trong ng\342n h\340ng}{subsection.1.1.2}% 11
\BOOKMARK [3][-]{subsubsection.1.1.2.2}{Quan tri rui ro t\355n dung trong lich s}{subsection.1.1.2}% 12
\BOOKMARK [3][-]{subsubsection.1.1.2.3}{}{subsection.1.1.2}% 13
\BOOKMARK [1][-]{section.1.2}{Thc trang cua vic chm im t\355n dung tai Vit Nam}{chapter.1}% 14
\BOOKMARK [1][-]{section.1.3}{Kt lun}{chapter.1}% 15
\BOOKMARK [0][-]{chapter.2}{C\341c M\364 h\354nh ph\342n loai kh\341ch h\340ng vay the t\355n dung}{}% 16
\BOOKMARK [1][-]{section.2.1}{C\341c m\364 h\354nh ph\342n loai}{chapter.2}% 17
\BOOKMARK [2][-]{subsection.2.1.1}{M\364 h\354nh logit}{section.2.1}% 18
\BOOKMARK [3][-]{subsubsection.2.1.1.1}{Kh\341i nim}{subsection.2.1.1}% 19
\BOOKMARK [3][-]{subsubsection.2.1.1.2}{c lng m\364 h\354nh logit}{subsection.2.1.1}% 20
\BOOKMARK [3][-]{subsubsection.2.1.1.3}{Din giai kt qua c lng m\364 h\354nh}{subsection.2.1.1}% 21
\BOOKMARK [2][-]{subsection.2.1.2}{M\364 h\354nh SVM \(Support Vector Machine\)}{section.2.1}% 22
\BOOKMARK [0][-]{chapter.3}{T\354nh hung nghi\352n cu}{}% 23
\BOOKMARK [1][-]{section.3.1}{S liu v\340 c\341c bin s}{chapter.3}% 24
\BOOKMARK [1][-]{section.3.2}{ng dung m\364 h\354nh logit}{chapter.3}% 25
\BOOKMARK [2][-]{subsection.3.2.1}{Tin x l\375 b s liu}{section.3.2}% 26
\BOOKMARK [2][-]{subsection.3.2.2}{c lng m\364 h\354nh}{section.3.2}% 27
\BOOKMARK [2][-]{subsection.3.2.3}{Kim tra hiu qua cua m\364 h\354nh}{section.3.2}% 28
\BOOKMARK [1][-]{section.3.3}{ng dung m\364 h\354nh SVM}{chapter.3}% 29
\BOOKMARK [0][-]{chapter.4}{Kt lun}{}% 30
\BOOKMARK [0][-]{appendix.A}{Th\364ng tin v phi\352n l\340m vic tr\352n R}{}% 31
\BOOKMARK [0][-]{Item.12}{T\340i liu tham khao}{}% 32
