This is pdfTeX, Version 3.14159265-2.6-1.40.17 (TeX Live 2016/Debian) (preloaded format=pdflatex 2017.3.27)  1 MAY 2017 22:42
entering extended mode
 restricted \write18 enabled.
 %&-line parsing enabled.
**&pdflatex prv_def-logistics.rnw.ini \nonstopmode\nofiles\PassOptionsToPackage
{active,tightpage,auctex}{preview}\AtBeginDocument{\ifx\ifPreview\undefined\Req
uirePackage[displaymath,floats,graphics,textmath,sections,footnotes]{preview}[2
004/11/05]\fi} \input def-logistics.rnw.tex
(./prv_def-logistics.rnw.ini
LaTeX2e <2017/01/01> patch level 3
Babel <3.9r> and hyphenation patterns for 83 language(s) loaded.
(/usr/share/texlive/texmf-dist/tex/latex/carlisle/mylatex.ltx)
(/usr/share/texlive/texmf-dist/tex/latex/tools/.tex File ignored))
No auxiliary output files.

! I can't find file `def-logistics.rnw.tex'.
<*> ...004/11/05]\fi} \input def-logistics.rnw.tex
                                                  
(Press Enter to retry, or Control-D to exit)
Please type another input file name
! Emergency stop.
<*> ...004/11/05]\fi} \input def-logistics.rnw.tex
                                                  
*** (job aborted, file error in nonstop mode)

 
Here is how much of TeX's memory you used:
 25 strings out of 493013
 673 string characters out of 6135682
 53295 words of memory out of 5000000
 3661 multiletter control sequences out of 15000+600000
 3640 words of font info for 14 fonts, out of 8000000 for 9000
 1141 hyphenation exceptions out of 8191
 5i,0n,5p,513b,12s stack positions out of 5000i,500n,10000p,200000b,80000s
!  ==> Fatal error occurred, no output PDF file produced!
